[debug] [2020-03-18T14:56:35.838Z] ----------------------------------------------------------------------
[debug] [2020-03-18T14:56:35.840Z] Command:       /usr/local/bin/node /usr/local/bin/firebase serve --only functions
[debug] [2020-03-18T14:56:35.840Z] CLI Version:   7.13.0
[debug] [2020-03-18T14:56:35.840Z] Platform:      darwin
[debug] [2020-03-18T14:56:35.840Z] Node Version:  v10.16.0
[debug] [2020-03-18T14:56:35.840Z] Time:          Wed Mar 18 2020 15:56:35 GMT+0100 (GMT+01:00)
[debug] [2020-03-18T14:56:35.840Z] ----------------------------------------------------------------------
[debug] [2020-03-18T14:56:35.841Z] 
[debug] [2020-03-18T14:56:35.849Z] > command requires scopes: ["email","openid","https://www.googleapis.com/auth/cloudplatformprojects.readonly","https://www.googleapis.com/auth/firebase","https://www.googleapis.com/auth/cloud-platform"]
[debug] [2020-03-18T14:56:35.849Z] > authorizing via signed-in user
[debug] [2020-03-18T14:56:35.849Z] [iam] checking project adalab-platform for permissions ["firebase.projects.get"]
[debug] [2020-03-18T14:56:35.851Z] >>> HTTP REQUEST POST https://cloudresourcemanager.googleapis.com/v1/projects/adalab-platform:testIamPermissions  

[debug] [2020-03-18T14:56:52.752Z] [iam] error while checking permissions, command may fail: FirebaseError: Server Error. Client network socket disconnected before secure TLS connection was established
[debug] [2020-03-18T14:56:52.753Z] > refreshing access token with scopes: ["email","https://www.googleapis.com/auth/cloud-platform","https://www.googleapis.com/auth/cloudplatformprojects.readonly","https://www.googleapis.com/auth/firebase","openid"]
[debug] [2020-03-18T14:56:52.753Z] >>> HTTP REQUEST POST https://www.googleapis.com/oauth2/v3/token  
 <request body omitted>
[debug] [2020-03-18T14:56:54.132Z] <<< HTTP RESPONSE 200
[debug] [2020-03-18T14:56:54.145Z] >>> HTTP REQUEST GET https://firebase.googleapis.com/v1beta1/projects/adalab-platform  
 
[debug] [2020-03-18T14:56:54.492Z] <<< HTTP RESPONSE 200
[warn] ⚠  Your requested "node" version "8" doesn't match your global version "10"
[info] ✔  functions: Emulator started at http://localhost:5000
[info] i  functions: Watching "/Users/gorkolas/Documents/www/adalab/candy/functions" for Cloud Functions...
[debug] [2020-03-18T14:56:54.517Z] [worker-pool] addWorker(~diagnostic~)
[debug] [2020-03-18T14:56:54.517Z] [worker-pool] Adding worker with key ~diagnostic~, total=1
[debug] [2020-03-18T14:56:54.517Z] [worker-pool] submitWork(triggerId=)
[debug] [2020-03-18T14:56:54.518Z] [worker-~diagnostic~-b3d57b78-ecc1-43c7-a583-8be092c1d99b]: Assigning socketPath: /var/folders/f_/pp58m_lx207c30j303vykcpr0000gn/T/fire_emu_32705.sock
[debug] [2020-03-18T14:56:54.518Z] [worker-~diagnostic~-b3d57b78-ecc1-43c7-a583-8be092c1d99b]: BUSY
[debug] [2020-03-18T14:56:54.862Z] [runtime-status] [32705] Functions runtime initialized. {"cwd":"/Users/gorkolas/Documents/www/adalab/adalab-platform/functions","node_version":"10.16.0"}
[debug] [2020-03-18T14:56:54.864Z] [runtime-status] [32705] Disabled runtime features: {"functions_config_helper":true,"network_filtering":true,"timeout":true,"memory_limiting":true,"admin_stubs":true,"pubsub_emulator":true}
[debug] [2020-03-18T14:56:54.867Z] [runtime-status] [32705] Resolved module firebase-admin {"declared":true,"installed":true,"version":"8.7.0","resolution":"/Users/gorkolas/Documents/www/adalab/adalab-platform/functions/node_modules/firebase-admin/lib/index.js"}
[debug] [2020-03-18T14:56:54.869Z] [runtime-status] [32705] Resolved module firebase-functions {"declared":true,"installed":true,"version":"3.3.0","resolution":"/Users/gorkolas/Documents/www/adalab/adalab-platform/functions/node_modules/firebase-functions/lib/index.js"}
[debug] [2020-03-18T14:56:54.869Z] [runtime-status] [32705] Resolved module firebase-functions {"declared":true,"installed":true,"version":"3.3.0","resolution":"/Users/gorkolas/Documents/www/adalab/adalab-platform/functions/node_modules/firebase-functions/lib/index.js"}
[info] ✔  functions[main]: http function initialized (http://localhost:5000/adalab-platform/us-central1/main).
[info] ✔  functions[doesUserExist]: http function initialized (http://localhost:5000/adalab-platform/us-central1/doesUserExist).
[info] ✔  functions[listAdmins]: http function initialized (http://localhost:5000/adalab-platform/us-central1/listAdmins).
[info] ✔  functions[collectResults]: http function initialized (http://localhost:5000/adalab-platform/us-central1/collectResults).
[debug] [2020-03-18T14:56:55.312Z] [worker-~diagnostic~-b3d57b78-ecc1-43c7-a583-8be092c1d99b]: IDLE
[debug] [2020-03-18T15:03:44.435Z] File /Users/gorkolas/Documents/www/adalab/candy/functions/proctor.js changed, reloading triggers
[debug] [2020-03-18T15:03:45.437Z] [worker-pool] Shutting down IDLE worker (~diagnostic~)
[debug] [2020-03-18T15:03:45.437Z] [worker-~diagnostic~-b3d57b78-ecc1-43c7-a583-8be092c1d99b]: FINISHING
[debug] [2020-03-18T15:03:45.441Z] [worker-pool] addWorker(~diagnostic~)
[debug] [2020-03-18T15:03:45.441Z] [worker-pool] Adding worker with key ~diagnostic~, total=2
[debug] [2020-03-18T15:03:45.441Z] [worker-pool] submitWork(triggerId=)
[debug] [2020-03-18T15:03:45.441Z] [worker-~diagnostic~-24dc0a6e-2a9d-4668-8ecd-c467023ecc4a]: Assigning socketPath: /var/folders/f_/pp58m_lx207c30j303vykcpr0000gn/T/fire_emu_32939.sock
[debug] [2020-03-18T15:03:45.441Z] [worker-~diagnostic~-24dc0a6e-2a9d-4668-8ecd-c467023ecc4a]: BUSY
[debug] [2020-03-18T15:03:45.445Z] [worker-~diagnostic~-b3d57b78-ecc1-43c7-a583-8be092c1d99b]: exited
[debug] [2020-03-18T15:03:45.445Z] [worker-~diagnostic~-b3d57b78-ecc1-43c7-a583-8be092c1d99b]: FINISHED
[debug] [2020-03-18T15:03:45.890Z] [runtime-status] [32939] Functions runtime initialized. {"cwd":"/Users/gorkolas/Documents/www/adalab/adalab-platform/functions","node_version":"10.16.0"}
[debug] [2020-03-18T15:03:45.892Z] [runtime-status] [32939] Disabled runtime features: {"functions_config_helper":true,"network_filtering":true,"timeout":true,"memory_limiting":true,"admin_stubs":true,"pubsub_emulator":true}
[debug] [2020-03-18T15:03:45.894Z] [runtime-status] [32939] Resolved module firebase-admin {"declared":true,"installed":true,"version":"8.7.0","resolution":"/Users/gorkolas/Documents/www/adalab/adalab-platform/functions/node_modules/firebase-admin/lib/index.js"}
[debug] [2020-03-18T15:03:45.895Z] [runtime-status] [32939] Resolved module firebase-functions {"declared":true,"installed":true,"version":"3.3.0","resolution":"/Users/gorkolas/Documents/www/adalab/adalab-platform/functions/node_modules/firebase-functions/lib/index.js"}
[debug] [2020-03-18T15:03:45.895Z] [runtime-status] [32939] Resolved module firebase-functions {"declared":true,"installed":true,"version":"3.3.0","resolution":"/Users/gorkolas/Documents/www/adalab/adalab-platform/functions/node_modules/firebase-functions/lib/index.js"}
[debug] [2020-03-18T15:03:46.296Z] [worker-~diagnostic~-24dc0a6e-2a9d-4668-8ecd-c467023ecc4a]: IDLE
[debug] [2020-03-18T15:03:56.057Z] [work-queue] {"queueLength":1,"workRunningCount":0}
[debug] [2020-03-18T15:03:56.057Z] [work-queue] {"queueLength":0,"workRunningCount":1}
[debug] [2020-03-18T15:03:56.057Z] Accepted request POST /adalab-platform/us-central1/main/candy/genProctor --> main
[debug] [2020-03-18T15:03:56.057Z] [worker-pool] Cleaned up workers for ~diagnostic~: 2 --> 1
[debug] [2020-03-18T15:03:56.061Z] [worker-pool] addWorker(main)
[debug] [2020-03-18T15:03:56.061Z] [worker-pool] Adding worker with key main, total=1
[debug] [2020-03-18T15:03:56.061Z] [worker-pool] submitWork(triggerId=main)
[debug] [2020-03-18T15:03:56.061Z] [worker-main-9f04ded9-9ec6-4eb0-95ae-80e973e45881]: Assigning socketPath: /var/folders/f_/pp58m_lx207c30j303vykcpr0000gn/T/fire_emu_32950.sock
[debug] [2020-03-18T15:03:56.061Z] [worker-main-9f04ded9-9ec6-4eb0-95ae-80e973e45881]: BUSY
[debug] [2020-03-18T15:03:56.322Z] [runtime-status] [32950] Functions runtime initialized. {"cwd":"/Users/gorkolas/Documents/www/adalab/adalab-platform/functions","node_version":"10.16.0"}
[debug] [2020-03-18T15:03:56.324Z] [runtime-status] [32950] Disabled runtime features: {"functions_config_helper":true,"network_filtering":true,"timeout":true,"memory_limiting":true,"admin_stubs":true,"pubsub_emulator":true}
[debug] [2020-03-18T15:03:56.326Z] [runtime-status] [32950] Resolved module firebase-admin {"declared":true,"installed":true,"version":"8.7.0","resolution":"/Users/gorkolas/Documents/www/adalab/adalab-platform/functions/node_modules/firebase-admin/lib/index.js"}
[debug] [2020-03-18T15:03:56.327Z] [runtime-status] [32950] Resolved module firebase-functions {"declared":true,"installed":true,"version":"3.3.0","resolution":"/Users/gorkolas/Documents/www/adalab/adalab-platform/functions/node_modules/firebase-functions/lib/index.js"}
[debug] [2020-03-18T15:03:56.327Z] [runtime-status] [32950] Resolved module firebase-functions {"declared":true,"installed":true,"version":"3.3.0","resolution":"/Users/gorkolas/Documents/www/adalab/adalab-platform/functions/node_modules/firebase-functions/lib/index.js"}
[debug] [2020-03-18T15:03:56.556Z] [runtime-status] [32950] Trigger "main" has been found, beginning invocation!
[info] i  functions: Beginning execution of "main"
[debug] [2020-03-18T15:03:56.556Z] [runtime-status] [32950] triggerDefinition {"httpsTrigger":{},"name":"main","entryPoint":"main"}
[debug] [2020-03-18T15:03:56.556Z] [runtime-status] [32950] Running main in mode HTTPS
[debug] [2020-03-18T15:03:56.560Z] [runtime-status] [32950] Attempting to listen to socketPath: /var/folders/f_/pp58m_lx207c30j303vykcpr0000gn/T/fire_emu_32950.sock
[debug] [2020-03-18T15:03:56.565Z] [functions] Runtime ready! Sending request!
[debug] [2020-03-18T15:03:56.590Z] [runtime-status] [32950] Ephemeral server handling POST request
[debug] [2020-03-18T15:03:56.596Z] [runtime-status] [32950] Ephemeral server survived.
[info] >  (node:32950) UnhandledPromiseRejectionWarning: TypeError: Cannot read property 'trim' of undefined
[info] >      at candy.post (/Users/gorkolas/Documents/www/adalab/adalab-platform/functions/index.js:199:35)
[info] >      at Layer.handle [as handle_request] (/Users/gorkolas/Documents/www/adalab/adalab-platform/functions/node_modules/express/lib/router/layer.js:95:5)
[info] >      at next (/Users/gorkolas/Documents/www/adalab/adalab-platform/functions/node_modules/express/lib/router/route.js:137:13)
[info] >      at Route.dispatch (/Users/gorkolas/Documents/www/adalab/adalab-platform/functions/node_modules/express/lib/router/route.js:112:3)
[info] >      at Layer.handle [as handle_request] (/Users/gorkolas/Documents/www/adalab/adalab-platform/functions/node_modules/express/lib/router/layer.js:95:5)
[info] >      at /Users/gorkolas/Documents/www/adalab/adalab-platform/functions/node_modules/express/lib/router/index.js:281:22
[info] >      at Function.process_params (/Users/gorkolas/Documents/www/adalab/adalab-platform/functions/node_modules/express/lib/router/index.js:335:12)
[info] >      at next (/Users/gorkolas/Documents/www/adalab/adalab-platform/functions/node_modules/express/lib/router/index.js:275:10)
[info] >      at cors (/Users/gorkolas/Documents/www/adalab/adalab-platform/functions/node_modules/cors/lib/index.js:188:7)
[info] >      at /Users/gorkolas/Documents/www/adalab/adalab-platform/functions/node_modules/cors/lib/index.js:224:17
[info] >  (node:32950) UnhandledPromiseRejectionWarning: Unhandled promise rejection. This error originated either by throwing inside of an async function without a catch block, or by rejecting a promise which was not handled with .catch(). (rejection id: 1)
[info] >  (node:32950) [DEP0018] DeprecationWarning: Unhandled promise rejections are deprecated. In the future, promise rejections that are not handled will terminate the Node.js process with a non-zero exit code.
[debug] [2020-03-18T15:05:47.842Z] [work-queue] {"queueLength":1,"workRunningCount":1}
[debug] [2020-03-18T15:05:47.842Z] [work-queue] {"queueLength":0,"workRunningCount":2}
[debug] [2020-03-18T15:05:47.842Z] Accepted request POST /adalab-platform/us-central1/main/candy/genProctor --> main
[debug] [2020-03-18T15:05:47.844Z] [worker-pool] addWorker(main)
[debug] [2020-03-18T15:05:47.844Z] [worker-pool] Adding worker with key main, total=2
[debug] [2020-03-18T15:05:47.844Z] [worker-pool] submitWork(triggerId=main)
[debug] [2020-03-18T15:05:47.844Z] [worker-main-b7564b4f-8057-487e-b45e-a933947a1eed]: Assigning socketPath: /var/folders/f_/pp58m_lx207c30j303vykcpr0000gn/T/fire_emu_32989.sock
[debug] [2020-03-18T15:05:47.844Z] [worker-main-b7564b4f-8057-487e-b45e-a933947a1eed]: BUSY
[debug] [2020-03-18T15:05:48.227Z] [runtime-status] [32989] Functions runtime initialized. {"cwd":"/Users/gorkolas/Documents/www/adalab/adalab-platform/functions","node_version":"10.16.0"}
[debug] [2020-03-18T15:05:48.229Z] [runtime-status] [32989] Disabled runtime features: {"functions_config_helper":true,"network_filtering":true,"timeout":true,"memory_limiting":true,"admin_stubs":true,"pubsub_emulator":true}
[debug] [2020-03-18T15:05:48.233Z] [runtime-status] [32989] Resolved module firebase-admin {"declared":true,"installed":true,"version":"8.7.0","resolution":"/Users/gorkolas/Documents/www/adalab/adalab-platform/functions/node_modules/firebase-admin/lib/index.js"}
[debug] [2020-03-18T15:05:48.235Z] [runtime-status] [32989] Resolved module firebase-functions {"declared":true,"installed":true,"version":"3.3.0","resolution":"/Users/gorkolas/Documents/www/adalab/adalab-platform/functions/node_modules/firebase-functions/lib/index.js"}
[debug] [2020-03-18T15:05:48.235Z] [runtime-status] [32989] Resolved module firebase-functions {"declared":true,"installed":true,"version":"3.3.0","resolution":"/Users/gorkolas/Documents/www/adalab/adalab-platform/functions/node_modules/firebase-functions/lib/index.js"}
[debug] [2020-03-18T15:05:48.636Z] [runtime-status] [32989] Trigger "main" has been found, beginning invocation!
[info] i  functions: Beginning execution of "main"
[debug] [2020-03-18T15:05:48.636Z] [runtime-status] [32989] triggerDefinition {"httpsTrigger":{},"name":"main","entryPoint":"main"}
[debug] [2020-03-18T15:05:48.636Z] [runtime-status] [32989] Running main in mode HTTPS
[debug] [2020-03-18T15:05:48.639Z] [runtime-status] [32989] Attempting to listen to socketPath: /var/folders/f_/pp58m_lx207c30j303vykcpr0000gn/T/fire_emu_32989.sock
[debug] [2020-03-18T15:05:48.642Z] [functions] Runtime ready! Sending request!
[debug] [2020-03-18T15:05:48.659Z] [runtime-status] [32989] Ephemeral server handling POST request
[debug] [2020-03-18T15:05:48.663Z] [runtime-status] [32989] Ephemeral server survived.
[info] >  { ok: false,
[info] >    tests:
[info] >     [ '26e90bf3346e4adcb0705fd27b2949a3',
[info] >       'bd636c15edaf4441bb778b3299322d42' ],
[info] >    errors:
[info] >     { '26e90bf3346e4adcb0705fd27b2949a3':
[info] >        { TimeoutError: waiting for selector "#id_student_first_name" failed: timeout 5000ms exceeded
[info] >            at new WaitTask (/Users/gorkolas/Documents/www/adalab/adalab-platform/functions/node_modules/puppeteer/lib/DOMWorld.js:549:28)
[info] >            at DOMWorld._waitForSelectorOrXPath (/Users/gorkolas/Documents/www/adalab/adalab-platform/functions/node_modules/puppeteer/lib/DOMWorld.js:478:22)
[info] >            at DOMWorld.waitForSelector (/Users/gorkolas/Documents/www/adalab/adalab-platform/functions/node_modules/puppeteer/lib/DOMWorld.js:432:17)
[info] >            at Frame.waitForSelector (/Users/gorkolas/Documents/www/adalab/adalab-platform/functions/node_modules/puppeteer/lib/FrameManager.js:627:47)
[info] >            at Frame.<anonymous> (/Users/gorkolas/Documents/www/adalab/adalab-platform/functions/node_modules/puppeteer/lib/helper.js:112:23)
[info] >            at Page.waitForSelector (/Users/gorkolas/Documents/www/adalab/adalab-platform/functions/node_modules/puppeteer/lib/Page.js:1122:29)
[info] >            at addStudentTo (/Users/gorkolas/Documents/www/adalab/adalab-platform/functions/proctor.js:23:16)
[info] >            at process._tickCallback (internal/process/next_tick.js:68:7) name: 'TimeoutError' },
[info] >       bd636c15edaf4441bb778b3299322d42:
[info] >        { TimeoutError: waiting for selector "#id_student_first_name" failed: timeout 5000ms exceeded
[info] >            at new WaitTask (/Users/gorkolas/Documents/www/adalab/adalab-platform/functions/node_modules/puppeteer/lib/DOMWorld.js:549:28)
[info] >            at DOMWorld._waitForSelectorOrXPath (/Users/gorkolas/Documents/www/adalab/adalab-platform/functions/node_modules/puppeteer/lib/DOMWorld.js:478:22)
[info] >            at DOMWorld.waitForSelector (/Users/gorkolas/Documents/www/adalab/adalab-platform/functions/node_modules/puppeteer/lib/DOMWorld.js:432:17)
[info] >            at Frame.waitForSelector (/Users/gorkolas/Documents/www/adalab/adalab-platform/functions/node_modules/puppeteer/lib/FrameManager.js:627:47)
[info] >            at Frame.<anonymous> (/Users/gorkolas/Documents/www/adalab/adalab-platform/functions/node_modules/puppeteer/lib/helper.js:112:23)
[info] >            at Page.waitForSelector (/Users/gorkolas/Documents/www/adalab/adalab-platform/functions/node_modules/puppeteer/lib/Page.js:1122:29)
[info] >            at addStudentTo (/Users/gorkolas/Documents/www/adalab/adalab-platform/functions/proctor.js:23:16)
[info] >            at process._tickCallback (internal/process/next_tick.js:68:7) name: 'TimeoutError' } } }
[info] >  { email: 'ines+candidata6@adalab.es',
[info] >    firstName: 'Inés',
[info] >    lastName: 'Vázquz Ríos',
[info] >    login: '1023809*j-001',
[info] >    proctoring:
[info] >     { ok: false,
[info] >       tests:
[info] >        [ '26e90bf3346e4adcb0705fd27b2949a3',
[info] >          'bd636c15edaf4441bb778b3299322d42' ],
[info] >       errors:
[info] >        { '26e90bf3346e4adcb0705fd27b2949a3': [TimeoutError],
[info] >          bd636c15edaf4441bb778b3299322d42: [TimeoutError] } } }
[info] i  functions: Finished "main" in ~19s
[debug] [2020-03-18T15:06:08.504Z] [worker-main-b7564b4f-8057-487e-b45e-a933947a1eed]: IDLE
[debug] [2020-03-18T15:06:08.504Z] [work-queue] {"queueLength":0,"workRunningCount":1}
[debug] [2020-03-18T15:46:15.952Z] [work-queue] {"queueLength":1,"workRunningCount":1}
[debug] [2020-03-18T15:46:15.953Z] [work-queue] {"queueLength":0,"workRunningCount":2}
[debug] [2020-03-18T15:46:15.953Z] Accepted request POST /adalab-platform/us-central1/main/candy/genProctor --> main
[debug] [2020-03-18T15:46:15.954Z] [worker-pool] submitWork(triggerId=main)
[debug] [2020-03-18T15:46:15.954Z] [worker-main-b7564b4f-8057-487e-b45e-a933947a1eed]: Assigning socketPath: /var/folders/f_/pp58m_lx207c30j303vykcpr0000gn/T/fire_emu_32989.sock
[debug] [2020-03-18T15:46:15.954Z] [worker-main-b7564b4f-8057-487e-b45e-a933947a1eed]: BUSY
[debug] [2020-03-18T15:46:15.961Z] [runtime-status] [32989] Trigger "main" has been found, beginning invocation!
[info] i  functions: Beginning execution of "main"
[debug] [2020-03-18T15:46:15.962Z] [runtime-status] [32989] triggerDefinition {"httpsTrigger":{},"name":"main","entryPoint":"main"}
[debug] [2020-03-18T15:46:15.962Z] [runtime-status] [32989] Running main in mode HTTPS
[debug] [2020-03-18T15:46:15.964Z] [runtime-status] [32989] Attempting to listen to socketPath: /var/folders/f_/pp58m_lx207c30j303vykcpr0000gn/T/fire_emu_32989.sock
[debug] [2020-03-18T15:46:15.969Z] [functions] Runtime ready! Sending request!
[debug] [2020-03-18T15:46:15.974Z] [runtime-status] [32989] Ephemeral server handling POST request
[debug] [2020-03-18T15:46:15.976Z] [runtime-status] [32989] Ephemeral server survived.
[info] >  { ok: false,
[info] >    tests:
[info] >     [ '26e90bf3346e4adcb0705fd27b2949a3',
[info] >       'bd636c15edaf4441bb778b3299322d42' ],
[info] >    errors:
[info] >     { '26e90bf3346e4adcb0705fd27b2949a3':
[info] >        { TimeoutError: waiting for selector "#id_student_first_name" failed: timeout 5000ms exceeded
[info] >            at new WaitTask (/Users/gorkolas/Documents/www/adalab/adalab-platform/functions/node_modules/puppeteer/lib/DOMWorld.js:549:28)
[info] >            at DOMWorld._waitForSelectorOrXPath (/Users/gorkolas/Documents/www/adalab/adalab-platform/functions/node_modules/puppeteer/lib/DOMWorld.js:478:22)
[info] >            at DOMWorld.waitForSelector (/Users/gorkolas/Documents/www/adalab/adalab-platform/functions/node_modules/puppeteer/lib/DOMWorld.js:432:17)
[info] >            at Frame.waitForSelector (/Users/gorkolas/Documents/www/adalab/adalab-platform/functions/node_modules/puppeteer/lib/FrameManager.js:627:47)
[info] >            at Frame.<anonymous> (/Users/gorkolas/Documents/www/adalab/adalab-platform/functions/node_modules/puppeteer/lib/helper.js:112:23)
[info] >            at Page.waitForSelector (/Users/gorkolas/Documents/www/adalab/adalab-platform/functions/node_modules/puppeteer/lib/Page.js:1122:29)
[info] >            at addStudentTo (/Users/gorkolas/Documents/www/adalab/adalab-platform/functions/proctor.js:23:16)
[info] >            at process._tickCallback (internal/process/next_tick.js:68:7) name: 'TimeoutError' },
[info] >       bd636c15edaf4441bb778b3299322d42:
[info] >        { TimeoutError: waiting for selector "#id_student_first_name" failed: timeout 5000ms exceeded
[info] >            at new WaitTask (/Users/gorkolas/Documents/www/adalab/adalab-platform/functions/node_modules/puppeteer/lib/DOMWorld.js:549:28)
[info] >            at DOMWorld._waitForSelectorOrXPath (/Users/gorkolas/Documents/www/adalab/adalab-platform/functions/node_modules/puppeteer/lib/DOMWorld.js:478:22)
[info] >            at DOMWorld.waitForSelector (/Users/gorkolas/Documents/www/adalab/adalab-platform/functions/node_modules/puppeteer/lib/DOMWorld.js:432:17)
[info] >            at Frame.waitForSelector (/Users/gorkolas/Documents/www/adalab/adalab-platform/functions/node_modules/puppeteer/lib/FrameManager.js:627:47)
[info] >            at Frame.<anonymous> (/Users/gorkolas/Documents/www/adalab/adalab-platform/functions/node_modules/puppeteer/lib/helper.js:112:23)
[info] >            at Page.waitForSelector (/Users/gorkolas/Documents/www/adalab/adalab-platform/functions/node_modules/puppeteer/lib/Page.js:1122:29)
[info] >            at addStudentTo (/Users/gorkolas/Documents/www/adalab/adalab-platform/functions/proctor.js:23:16)
[info] >            at process._tickCallback (internal/process/next_tick.js:68:7) name: 'TimeoutError' } } }
[info] >  { email: 'ines+candidata6@adalab.es',
[info] >    firstName: 'Inés',
[info] >    lastName: 'Vázquz Ríos',
[info] >    login: '1023809*j-001',
[info] >    proctoring:
[info] >     { ok: false,
[info] >       tests:
[info] >        [ '26e90bf3346e4adcb0705fd27b2949a3',
[info] >          'bd636c15edaf4441bb778b3299322d42' ],
[info] >       errors:
[info] >        { '26e90bf3346e4adcb0705fd27b2949a3': [TimeoutError],
[info] >          bd636c15edaf4441bb778b3299322d42: [TimeoutError] } } }
[info] i  functions: Finished "main" in ~22s
[debug] [2020-03-18T15:46:39.038Z] [worker-main-b7564b4f-8057-487e-b45e-a933947a1eed]: IDLE
[debug] [2020-03-18T15:46:39.038Z] [work-queue] {"queueLength":0,"workRunningCount":1}
